0 verbose cli /opt/homebrew/Cellar/node/24.7.0/bin/node /opt/homebrew/bin/npm
1 info using npm@11.5.1
2 info using node@v24.7.0
3 silly config load:file:/opt/homebrew/lib/node_modules/npm/npmrc
4 silly config load:file:/Users/titusbuchananjr./workplace-automation/password-reset/.npmrc
5 silly config load:file:/Users/titusbuchananjr./.npmrc
6 silly config load:file:/opt/homebrew/etc/npmrc
7 verbose title npm install
8 verbose argv "install" "--cache" "./.npm-cache" "--no-audit" "--no-fund"
9 verbose logfile logs-max:10 dir:/Users/titusbuchananjr./workplace-automation/password-reset/.npm-cache/_logs/2026-01-15T23_13_23_171Z-
10 verbose logfile /Users/titusbuchananjr./workplace-automation/password-reset/.npm-cache/_logs/2026-01-15T23_13_23_171Z-debug-0.log
11 silly logfile done cleaning log files
12 silly packumentCache heap:4496293888 maxSize:1124073472 maxEntrySize:562036736
13 silly idealTree buildDeps
14 silly reify moves {}
15 verbose cwd /Users/titusbuchananjr./workplace-automation/password-reset
16 verbose os Darwin 25.2.0
17 verbose node v24.7.0
18 verbose npm  v11.5.1
19 verbose exit 0
20 info ok
